<?xml version="1.0" encoding="utf-8"?><testsuites name="pytest tests"><testsuite name="pytest" errors="2" failures="0" skipped="1" tests="19" time="11.368" timestamp="2026-07-17T10:16:41.149175+00:00" hostname="agent-env-063bbe5a-1ae8-42a8-a39d-994edf0aa79c"><testcase classname="backend.tests.test_admin_cross_owner_fixes.TestFix1AdminCrossOwnerManualAssign" name="test_admin_can_manual_assign_ipad_owned_by_other_user" time="3.545" /><testcase classname="backend.tests.test_admin_cross_owner_fixes.TestFix1AdminCrossOwnerManualAssign" name="test_standard_user_cannot_manual_assign_other_users_ipad" time="0.238" /><testcase classname="backend.tests.test_admin_cross_owner_fixes.TestFix1AdminCrossOwnerManualAssign" name="test_admin_manual_assign_pool_ipad_claims_and_assigns_atomically" time="0.348" /><testcase classname="backend.tests.test_admin_cross_owner_fixes.TestFix2AdminBatchDeleteCascade" name="test_admin_batch_delete_dissolves_owner_owned_assignments" time="0.319" /><testcase classname="backend.tests.test_admin_cross_owner_fixes.TestFix2AdminBatchDeleteCascade" name="test_standard_user_batch_delete_scoped_to_own_data" time="0.237" /><testcase classname="backend.tests.test_admin_cross_owner_fixes.TestRegressionCore" name="test_get_assignments_returns_contract_warning_flag" time="0.044" /><testcase classname="backend.tests.test_admin_cross_owner_fixes.TestRegressionCore" name="test_ipad_history_endpoint_reachable" time="0.090" /><testcase classname="backend.tests.test_admin_cross_owner_fixes.TestRegressionCore" name="test_admin_contract_assign_crosses_ownership" time="0.327"><skipped type="pytest.skip" message="No unassigned contracts available to test cross-owner assign">/app/backend/tests/test_admin_cross_owner_fixes.py:482: No unassigned contracts available to test cross-owner assign</skipped></testcase><testcase classname="backend.tests.test_admin_cross_owner_fixes.TestRegressionCore" name="test_smoke_60_endpoints_reachable" time="0.696" /><testcase classname="backend.tests.test_contracts.TestContractsAPI" name="test_get_contracts_list" time="0.539" /><testcase classname="backend.tests.test_contracts.TestContractsAPI" name="test_batch_delete_empty_list" time="0.512" /><testcase classname="backend.tests.test_contracts.TestContractsAPI" name="test_batch_delete_nonexistent_contracts" time="0.545" /><testcase classname="backend.tests.test_contracts.TestContractsAPI" name="test_batch_delete_max_limit" time="0.530" /><testcase classname="backend.tests.test_contracts.TestContractsAPI" name="test_unassign_nonexistent_contract" time="0.524" /><testcase classname="backend.tests.test_contracts.TestContractsAPI" name="test_delete_nonexistent_contract" time="0.554" /><testcase classname="backend.tests.test_contracts.TestContractsAPI" name="test_full_contract_workflow" time="1.335" /><testcase classname="backend.tests.test_contracts.TestContractsBatchDeleteWithRealData" name="test_batch_delete_with_assigned_contracts" time="0.191"><error message="failed on setup with &quot;assert 429 == 200&#10; +  where 429 = &lt;Response [429]&gt;.status_code&quot;">E   assert 429 == 200
     +  where 429 = &lt;Response [429]&gt;.status_code</error></testcase><testcase classname="backend.tests.test_contracts.TestContractsUnassign" name="test_unassign_contract_not_assigned" time="0.539" /><testcase classname="backend.tests.test_contracts.TestContractsUnassign" name="test_unassign_full_workflow" time="0.198"><error message="failed on setup with &quot;assert 429 == 200&#10; +  where 429 = &lt;Response [429]&gt;.status_code&quot;">E   assert 429 == 200
     +  where 429 = &lt;Response [429]&gt;.status_code</error></testcase></testsuite></testsuites>