<?xml version="1.0" encoding="utf-8"?><testsuites name="pytest tests"><testsuite name="pytest" errors="0" failures="0" skipped="1" tests="9" time="7.055" timestamp="2026-07-17T07:29:09.474519+00:00" hostname="agent-env-063bbe5a-1ae8-42a8-a39d-994edf0aa79c"><testcase classname="backend.tests.test_admin_cross_owner_fixes.TestFix1AdminCrossOwnerManualAssign" name="test_admin_can_manual_assign_ipad_owned_by_other_user" time="3.913" /><testcase classname="backend.tests.test_admin_cross_owner_fixes.TestFix1AdminCrossOwnerManualAssign" name="test_standard_user_cannot_manual_assign_other_users_ipad" time="0.225" /><testcase classname="backend.tests.test_admin_cross_owner_fixes.TestFix1AdminCrossOwnerManualAssign" name="test_admin_manual_assign_pool_ipad_claims_and_assigns_atomically" time="0.426" /><testcase classname="backend.tests.test_admin_cross_owner_fixes.TestFix2AdminBatchDeleteCascade" name="test_admin_batch_delete_dissolves_owner_owned_assignments" time="0.389" /><testcase classname="backend.tests.test_admin_cross_owner_fixes.TestFix2AdminBatchDeleteCascade" name="test_standard_user_batch_delete_scoped_to_own_data" time="0.300" /><testcase classname="backend.tests.test_admin_cross_owner_fixes.TestRegressionCore" name="test_get_assignments_returns_contract_warning_flag" time="0.043" /><testcase classname="backend.tests.test_admin_cross_owner_fixes.TestRegressionCore" name="test_ipad_history_endpoint_reachable" time="0.134" /><testcase classname="backend.tests.test_admin_cross_owner_fixes.TestRegressionCore" name="test_admin_contract_assign_crosses_ownership" time="0.466"><skipped type="pytest.skip" message="No unassigned contracts available to test cross-owner assign">/app/backend/tests/test_admin_cross_owner_fixes.py:490: No unassigned contracts available to test cross-owner assign</skipped></testcase><testcase classname="backend.tests.test_admin_cross_owner_fixes.TestRegressionCore" name="test_smoke_60_endpoints_reachable" time="1.055" /></testsuite></testsuites>