<?xml version="1.0" encoding="utf-8"?><testsuites name="pytest tests"><testsuite name="pytest" errors="0" failures="0" skipped="0" tests="10" time="4.727" timestamp="2026-07-17T10:19:04.662108+00:00" hostname="agent-env-063bbe5a-1ae8-42a8-a39d-994edf0aa79c"><testcase classname="backend.tests.test_libmagic_defensive_fix.TestServerAlive" name="test_auth_me_returns_401_unauthenticated" time="0.169" /><testcase classname="backend.tests.test_libmagic_defensive_fix.TestServerAlive" name="test_login_returns_cookie_and_token" time="3.373" /><testcase classname="backend.tests.test_libmagic_defensive_fix.TestServerAlive" name="test_auth_me_with_token_returns_user" time="0.101" /><testcase classname="backend.tests.test_libmagic_defensive_fix.TestDefensiveMagicImport" name="test_validators_has_defensive_magic_import" time="0.000" /><testcase classname="backend.tests.test_libmagic_defensive_fix.TestFileUploadEndpoints" name="test_upload_contract_rejects_missing_assignment" time="0.106" /><testcase classname="backend.tests.test_libmagic_defensive_fix.TestFileUploadEndpoints" name="test_upload_contract_rejects_non_pdf_extension" time="0.141" /><testcase classname="backend.tests.test_libmagic_defensive_fix.TestExcelImportEndpoint" name="test_import_inventory_accepts_xlsx" time="0.109" /><testcase classname="backend.tests.test_libmagic_defensive_fix.TestExcelExportEndpoints" name="test_export_inventory_returns_xlsx" time="0.157" /><testcase classname="backend.tests.test_libmagic_defensive_fix.TestExcelExportEndpoints" name="test_export_assignments_returns_xlsx" time="0.138" /><testcase classname="backend.tests.test_libmagic_defensive_fix.TestExcelExportEndpoints" name="test_export_selected_assignments_returns_xlsx" time="0.206" /></testsuite></testsuites>