<?xml version="1.0" encoding="utf-8"?><testsuites name="pytest tests"><testsuite name="pytest" errors="0" failures="1" skipped="0" tests="8" time="1.800" timestamp="2026-06-29T17:16:38.115067+00:00" hostname="agent-env-063bbe5a-1ae8-42a8-a39d-994edf0aa79c"><testcase classname="backend.tests.test_refactor_regression.TestEmptyExportHeaders" name="test_assignments_export_empty_emits_29_headers" time="0.761" /><testcase classname="backend.tests.test_refactor_regression.TestEmptyExportHeaders" name="test_assignments_export_empty_with_columns_filter" time="0.091" /><testcase classname="backend.tests.test_refactor_regression.TestEmptyExportHeaders" name="test_export_selected_empty_emits_29_headers" time="0.054"><failure message="AssertionError: {&quot;detail&quot;:&quot;Keine gültigen Zuordnungen gefunden&quot;}&#10;assert 404 == 200&#10; +  where 404 = &lt;Response [404]&gt;.status_code">backend/tests/test_refactor_regression.py:703: in test_export_selected_empty_emits_29_headers
    assert r.status_code == 200, r.text
E   AssertionError: {"detail":"Keine gültigen Zuordnungen gefunden"}
E   assert 404 == 200
E    +  where 404 = &lt;Response [404]&gt;.status_code</failure></testcase><testcase classname="backend.tests.test_refactor_regression.TestAuth" name="test_me_returns_user" time="0.059" /><testcase classname="backend.tests.test_refactor_regression.TestExportColumns" name="test_columns_endpoint_returns_canonical_list" time="0.067" /><testcase classname="backend.tests.test_refactor_regression.TestExportColumns" name="test_inventory_export_with_subset_columns" time="0.122" /><testcase classname="backend.tests.test_refactor_regression.TestSettings" name="test_get_and_put" time="0.118" /><testcase classname="backend.tests.test_refactor_regression.TestContracts" name="test_list_endpoints" time="0.125" /></testsuite></testsuites>