<?xml version="1.0" encoding="utf-8"?><testsuites name="pytest tests"><testsuite name="pytest" errors="0" failures="0" skipped="0" tests="38" time="51.348" timestamp="2026-07-17T07:29:29.969936+00:00" hostname="agent-env-063bbe5a-1ae8-42a8-a39d-994edf0aa79c"><testcase classname="backend.tests.test_refactor_regression.TestAuth" name="test_login_sets_cookie_and_token" time="0.379" /><testcase classname="backend.tests.test_refactor_regression.TestAuth" name="test_me_returns_user" time="0.466" /><testcase classname="backend.tests.test_refactor_regression.TestAuth" name="test_logout_clears_cookie" time="0.096" /><testcase classname="backend.tests.test_refactor_regression.TestAuth" name="test_login_rate_limit" time="0.382" /><testcase classname="backend.tests.test_refactor_regression.TestIpads" name="test_create_list_update_delete" time="0.591" /><testcase classname="backend.tests.test_refactor_regression.TestIpads" name="test_pool_lifecycle" time="43.823" /><testcase classname="backend.tests.test_refactor_regression.TestIpads" name="test_available_endpoints" time="0.171" /><testcase classname="backend.tests.test_refactor_regression.TestStudents" name="test_crud_and_batch_delete" time="0.376" /><testcase classname="backend.tests.test_refactor_regression.TestAssignmentsAndExports" name="test_list_with_contract_warning" time="0.329" /><testcase classname="backend.tests.test_refactor_regression.TestAssignmentsAndExports" name="test_auto_assign_endpoint" time="0.082" /><testcase classname="backend.tests.test_refactor_regression.TestAssignmentsAndExports" name="test_export_has_new_contract_columns" time="0.183" /><testcase classname="backend.tests.test_refactor_regression.TestAssignmentsAndExports" name="test_export_filtered_has_new_columns" time="0.055" /><testcase classname="backend.tests.test_refactor_regression.TestAssignmentsAndExports" name="test_export_selected_has_new_columns" time="0.053" /><testcase classname="backend.tests.test_refactor_regression.TestAssignmentsAndExports" name="test_inventory_export_has_new_columns" time="0.082" /><testcase classname="backend.tests.test_refactor_regression.TestAssignmentsAndExports" name="test_dismiss_warning" time="0.044" /><testcase classname="backend.tests.test_refactor_regression.TestAssignmentsAndExports" name="test_generate_contracts_zip" time="0.416" /><testcase classname="backend.tests.test_refactor_regression.TestContracts" name="test_list_endpoints" time="0.146" /><testcase classname="backend.tests.test_refactor_regression.TestImports" name="test_template" time="0.089" /><testcase classname="backend.tests.test_refactor_regression.TestSettings" name="test_get_and_put" time="0.165" /><testcase classname="backend.tests.test_refactor_regression.TestAdminUsers" name="test_list_and_reset_password" time="0.348" /><testcase classname="backend.tests.test_refactor_regression.TestAdminOps" name="test_cleanup_orphaned" time="0.088" /><testcase classname="backend.tests.test_refactor_regression.TestAdminOps" name="test_data_protection" time="0.045" /><testcase classname="backend.tests.test_refactor_regression.TestAdminOps" name="test_data_protection_user_blocked" time="0.045" /><testcase classname="backend.tests.test_refactor_regression.TestAdminOps" name="test_migrate_status" time="0.082" /><testcase classname="backend.tests.test_refactor_regression.TestRBAC" name="test_user_blocked_from_admin" time="0.135" /><testcase classname="backend.tests.test_refactor_regression.TestRBAC" name="test_data_protection_should_be_admin_only" time="0.046" /><testcase classname="backend.tests.test_refactor_regression.TestExportColumns" name="test_columns_endpoint_returns_canonical_list" time="0.080" /><testcase classname="backend.tests.test_refactor_regression.TestExportColumns" name="test_columns_endpoint_requires_auth" time="0.145" /><testcase classname="backend.tests.test_refactor_regression.TestExportColumns" name="test_inventory_export_with_subset_columns" time="0.055" /><testcase classname="backend.tests.test_refactor_regression.TestExportColumns" name="test_inventory_export_with_unknown_columns_falls_back" time="0.065" /><testcase classname="backend.tests.test_refactor_regression.TestExportColumns" name="test_inventory_export_ignores_unknown_columns_silently" time="0.059" /><testcase classname="backend.tests.test_refactor_regression.TestExportColumns" name="test_assignments_export_with_columns" time="0.264" /><testcase classname="backend.tests.test_refactor_regression.TestExportColumns" name="test_export_selected_with_columns_body" time="0.472" /><testcase classname="backend.tests.test_refactor_regression.TestExportColumns" name="test_all_three_exports_have_29_columns_by_default" time="0.890" /><testcase classname="backend.tests.test_refactor_regression.TestEmptyExportHeaders" name="test_assignments_export_empty_emits_29_headers" time="0.054" /><testcase classname="backend.tests.test_refactor_regression.TestEmptyExportHeaders" name="test_assignments_export_empty_with_columns_filter" time="0.057" /><testcase classname="backend.tests.test_refactor_regression.TestEmptyExportHeaders" name="test_export_selected_empty_emits_29_headers" time="0.086" /><testcase classname="backend.tests.test_refactor_regression.TestContractRoutes" name="test_batch_delete_returns_counts" time="0.130" /></testsuite></testsuites>