<?xml version="1.0" encoding="utf-8"?><testsuites name="pytest tests"><testsuite name="pytest" errors="0" failures="0" skipped="1" tests="26" time="7.802" timestamp="2026-06-17T10:49:21.948418+00:00" hostname="agent-env-063bbe5a-1ae8-42a8-a39d-994edf0aa79c"><testcase classname="backend.tests.test_pool_regression.TestAuth" name="test_admin_login" time="0.721" /><testcase classname="backend.tests.test_pool_regression.TestAuth" name="test_user_login_role" time="1.002" /><testcase classname="backend.tests.test_pool_regression.TestAuth" name="test_logout_clears_cookie" time="0.458"><skipped type="pytest.skip" message="Cookie-based /auth/me returned 403, not 200 - investigate cookie auth">/app/backend/tests/test_pool_regression.py:154: Cookie-based /auth/me returned 403, not 200 - investigate cookie auth</skipped></testcase><testcase classname="backend.tests.test_pool_regression.TestRBAC" name="test_user_cannot_update_global_settings" time="0.102" /><testcase classname="backend.tests.test_pool_regression.TestRBAC" name="test_user_can_delete_nonexistent_assignment" time="0.043" /><testcase classname="backend.tests.test_pool_regression.TestRBAC" name="test_user_can_auto_assign" time="0.044" /><testcase classname="backend.tests.test_pool_regression.TestRBAC" name="test_user_can_delete_nonexistent_student" time="0.082" /><testcase classname="backend.tests.test_pool_regression.TestRBAC" name="test_user_can_batch_delete_students" time="0.046" /><testcase classname="backend.tests.test_pool_regression.TestRBAC" name="test_user_can_delete_nonexistent_ipad" time="0.041" /><testcase classname="backend.tests.test_pool_regression.TestRBAC" name="test_user_can_batch_delete_contracts" time="0.082" /><testcase classname="backend.tests.test_pool_regression.TestPool" name="test_admin_create_pool_ipad" time="0.058" /><testcase classname="backend.tests.test_pool_regression.TestPool" name="test_pool_ipad_visible_to_both" time="0.140" /><testcase classname="backend.tests.test_pool_regression.TestPool" name="test_user_claim_pool_ipad" time="0.137" /><testcase classname="backend.tests.test_pool_regression.TestPool" name="test_race_condition_claim" time="0.092" /><testcase classname="backend.tests.test_pool_regression.TestPool" name="test_release_to_pool_dissolves_assignment" time="0.298" /><testcase classname="backend.tests.test_pool_regression.TestPool" name="test_bulk_claim" time="0.216" /><testcase classname="backend.tests.test_pool_regression.TestPool" name="test_one_step_claim_and_assign" time="0.139" /><testcase classname="backend.tests.test_pool_regression.TestPool" name="test_pool_import_via_excel" time="0.275" /><testcase classname="backend.tests.test_pool_regression.TestPool" name="test_pool_import_global_unique" time="0.263" /><testcase classname="backend.tests.test_pool_regression.TestPool" name="test_user_delete_preserves_pool_ipads" time="0.782" /><testcase classname="backend.tests.test_pool_regression.TestModellField" name="test_create_with_modell" time="0.044" /><testcase classname="backend.tests.test_pool_regression.TestModellField" name="test_update_modell" time="0.137" /><testcase classname="backend.tests.test_pool_regression.TestModellField" name="test_empty_modell_becomes_null" time="0.133" /><testcase classname="backend.tests.test_pool_regression.TestModellField" name="test_export_has_modell_column" time="0.186" /><testcase classname="backend.tests.test_pool_regression.TestContracts" name="test_generate_contracts_zip" time="0.413" /><testcase classname="backend.tests.test_pool_regression.TestContracts" name="test_available_for_contracts_missing_fields" time="1.571" /></testsuite></testsuites>