<?xml version="1.0" encoding="utf-8"?><testsuites name="pytest tests"><testsuite name="pytest" errors="1" failures="0" skipped="0" tests="10" time="11.065" timestamp="2026-03-17T14:20:48.652331+00:00" hostname="agent-env-063bbe5a-1ae8-42a8-a39d-994edf0aa79c"><testcase classname="backend.tests.test_contracts.TestContractsAPI" name="test_get_contracts_list" time="0.728" /><testcase classname="backend.tests.test_contracts.TestContractsAPI" name="test_batch_delete_empty_list" time="0.723" /><testcase classname="backend.tests.test_contracts.TestContractsAPI" name="test_batch_delete_nonexistent_contracts" time="0.728" /><testcase classname="backend.tests.test_contracts.TestContractsAPI" name="test_batch_delete_max_limit" time="0.647" /><testcase classname="backend.tests.test_contracts.TestContractsAPI" name="test_unassign_nonexistent_contract" time="0.651" /><testcase classname="backend.tests.test_contracts.TestContractsAPI" name="test_delete_nonexistent_contract" time="0.597" /><testcase classname="backend.tests.test_contracts.TestContractsAPI" name="test_full_contract_workflow" time="1.900" /><testcase classname="backend.tests.test_contracts.TestContractsBatchDeleteWithRealData" name="test_batch_delete_with_assigned_contracts" time="2.603" /><testcase classname="backend.tests.test_contracts.TestContractsUnassign" name="test_unassign_contract_not_assigned" time="0.252"><error message="failed on setup with &quot;assert 429 == 200&#10; +  where 429 = &lt;Response [429]&gt;.status_code&quot;">backend/tests/test_contracts.py:399: in setup
    assert login_response.status_code == 200
E   assert 429 == 200
E    +  where 429 = &lt;Response [429]&gt;.status_code</error></testcase><testcase classname="backend.tests.test_contracts.TestContractsUnassign" name="test_unassign_full_workflow" time="2.162" /></testsuite></testsuites>