<?xml version="1.0" encoding="utf-8"?><testsuites name="pytest tests"><testsuite name="pytest" errors="0" failures="0" skipped="0" tests="10" time="3.303" timestamp="2026-02-14T14:37:10.550653+00:00" hostname="agent-env-2cb312f4-3363-4a37-be19-19e5fea389c6"><testcase classname="backend.tests.test_1n_import_export.TestExistingTestData" name="test_students_with_assignment_counts" time="0.698" /><testcase classname="backend.tests.test_1n_import_export.TestExistingTestData" name="test_ipads_exist" time="0.056" /><testcase classname="backend.tests.test_1n_import_export.TestStudentAvailability" name="test_available_students_excludes_at_limit" time="0.063" /><testcase classname="backend.tests.test_1n_import_export.TestIPadLimit" name="test_cannot_assign_beyond_limit" time="0.194" /><testcase classname="backend.tests.test_1n_import_export.TestExportInventory" name="test_export_returns_xlsx" time="0.243" /><testcase classname="backend.tests.test_1n_import_export.TestExportInventory" name="test_export_contains_assigned_ipads" time="1.138" /><testcase classname="backend.tests.test_1n_import_export.TestImportInventory" name="test_import_requires_xlsx" time="0.120" /><testcase classname="backend.tests.test_1n_import_export.TestImportInventory" name="test_re_import_exported_data" time="0.210" /><testcase classname="backend.tests.test_1n_import_export.TestImport1toN" name="test_import_merges_same_student" time="0.278" /><testcase classname="backend.tests.test_1n_import_export.TestLimitEnforcementOnImport" name="test_import_respects_limit" time="0.255" /></testsuite></testsuites>