<?xml version="1.0" encoding="utf-8"?><testsuites name="pytest tests"><testsuite name="pytest" errors="0" failures="0" skipped="0" tests="14" time="6.257" timestamp="2026-03-24T11:43:44.527204+00:00" hostname="agent-env-063bbe5a-1ae8-42a8-a39d-994edf0aa79c"><testcase classname="backend.tests.test_ipad_student_update.TestIPadUpdate" name="test_update_ipad_all_fields" time="1.452" /><testcase classname="backend.tests.test_ipad_student_update.TestIPadUpdate" name="test_update_ipad_partial_fields" time="0.110" /><testcase classname="backend.tests.test_ipad_student_update.TestIPadUpdate" name="test_update_ipad_status_valid" time="0.336" /><testcase classname="backend.tests.test_ipad_student_update.TestIPadUpdate" name="test_update_ipad_status_invalid" time="0.101" /><testcase classname="backend.tests.test_ipad_student_update.TestIPadUpdate" name="test_update_ipad_not_found" time="0.168" /><testcase classname="backend.tests.test_ipad_student_update.TestIPadUpdate" name="test_update_ipad_empty_request" time="0.112" /><testcase classname="backend.tests.test_ipad_student_update.TestIPadUpdate" name="test_update_ipad_duplicate_itnr" time="0.425" /><testcase classname="backend.tests.test_ipad_student_update.TestStudentUpdate" name="test_update_student_personal_data" time="0.580" /><testcase classname="backend.tests.test_ipad_student_update.TestStudentUpdate" name="test_update_student_guardian1" time="0.105" /><testcase classname="backend.tests.test_ipad_student_update.TestStudentUpdate" name="test_update_student_guardian2" time="0.110" /><testcase classname="backend.tests.test_ipad_student_update.TestStudentUpdate" name="test_update_student_not_found" time="0.095" /><testcase classname="backend.tests.test_ipad_student_update.TestStudentUpdate" name="test_update_student_empty_request" time="0.202" /><testcase classname="backend.tests.test_ipad_student_update.TestNameChangePropagation" name="test_student_name_change_updates_assignments" time="1.139" /><testcase classname="backend.tests.test_ipad_student_update.TestIPadITNrChangePropagation" name="test_ipad_itnr_change_updates_assignments" time="1.129" /></testsuite></testsuites>