<?xml version="1.0" encoding="utf-8"?><testsuites name="pytest tests"><testsuite name="pytest" errors="0" failures="0" skipped="0" tests="10" time="2.828" timestamp="2026-02-14T14:12:23.313885+00:00" hostname="agent-env-2cb312f4-3363-4a37-be19-19e5fea389c6"><testcase classname="backend.tests.test_1n_import_export.TestExistingTestData" name="test_students_with_assignment_counts" time="0.701" /><testcase classname="backend.tests.test_1n_import_export.TestExistingTestData" name="test_ipads_exist" time="0.091" /><testcase classname="backend.tests.test_1n_import_export.TestStudentAvailability" name="test_available_students_excludes_at_limit" time="0.061" /><testcase classname="backend.tests.test_1n_import_export.TestIPadLimit" name="test_cannot_assign_beyond_limit" time="0.199" /><testcase classname="backend.tests.test_1n_import_export.TestExportInventory" name="test_export_returns_xlsx" time="0.125" /><testcase classname="backend.tests.test_1n_import_export.TestExportInventory" name="test_export_contains_assigned_ipads" time="0.437" /><testcase classname="backend.tests.test_1n_import_export.TestImportInventory" name="test_import_requires_xlsx" time="0.120" /><testcase classname="backend.tests.test_1n_import_export.TestImportInventory" name="test_re_import_exported_data" time="0.268" /><testcase classname="backend.tests.test_1n_import_export.TestImport1toN" name="test_import_merges_same_student" time="0.373" /><testcase classname="backend.tests.test_1n_import_export.TestLimitEnforcementOnImport" name="test_import_respects_limit" time="0.270" /></testsuite></testsuites>