<?xml version="1.0" encoding="utf-8"?><testsuites name="pytest tests"><testsuite name="pytest" errors="0" failures="0" skipped="0" tests="35" time="50.712" timestamp="2026-06-29T17:11:06.428961+00:00" hostname="agent-env-063bbe5a-1ae8-42a8-a39d-994edf0aa79c"><testcase classname="backend.tests.test_refactor_regression.TestAuth" name="test_login_sets_cookie_and_token" time="0.381" /><testcase classname="backend.tests.test_refactor_regression.TestAuth" name="test_me_returns_user" time="0.441" /><testcase classname="backend.tests.test_refactor_regression.TestAuth" name="test_logout_clears_cookie" time="0.096" /><testcase classname="backend.tests.test_refactor_regression.TestAuth" name="test_login_rate_limit" time="1.036" /><testcase classname="backend.tests.test_refactor_regression.TestIpads" name="test_create_list_update_delete" time="0.455" /><testcase classname="backend.tests.test_refactor_regression.TestIpads" name="test_pool_lifecycle" time="43.829" /><testcase classname="backend.tests.test_refactor_regression.TestIpads" name="test_available_endpoints" time="0.140" /><testcase classname="backend.tests.test_refactor_regression.TestStudents" name="test_crud_and_batch_delete" time="0.240" /><testcase classname="backend.tests.test_refactor_regression.TestAssignmentsAndExports" name="test_list_with_contract_warning" time="0.182" /><testcase classname="backend.tests.test_refactor_regression.TestAssignmentsAndExports" name="test_auto_assign_endpoint" time="0.046" /><testcase classname="backend.tests.test_refactor_regression.TestAssignmentsAndExports" name="test_export_has_new_contract_columns" time="0.164" /><testcase classname="backend.tests.test_refactor_regression.TestAssignmentsAndExports" name="test_export_filtered_has_new_columns" time="0.060" /><testcase classname="backend.tests.test_refactor_regression.TestAssignmentsAndExports" name="test_export_selected_has_new_columns" time="0.059" /><testcase classname="backend.tests.test_refactor_regression.TestAssignmentsAndExports" name="test_inventory_export_has_new_columns" time="0.131" /><testcase classname="backend.tests.test_refactor_regression.TestAssignmentsAndExports" name="test_dismiss_warning" time="0.044" /><testcase classname="backend.tests.test_refactor_regression.TestAssignmentsAndExports" name="test_generate_contracts_zip" time="0.327" /><testcase classname="backend.tests.test_refactor_regression.TestContracts" name="test_list_endpoints" time="0.091" /><testcase classname="backend.tests.test_refactor_regression.TestImports" name="test_template" time="0.052" /><testcase classname="backend.tests.test_refactor_regression.TestSettings" name="test_get_and_put" time="0.113" /><testcase classname="backend.tests.test_refactor_regression.TestAdminUsers" name="test_list_and_reset_password" time="0.342" /><testcase classname="backend.tests.test_refactor_regression.TestAdminOps" name="test_cleanup_orphaned" time="0.061" /><testcase classname="backend.tests.test_refactor_regression.TestAdminOps" name="test_data_protection" time="0.046" /><testcase classname="backend.tests.test_refactor_regression.TestAdminOps" name="test_data_protection_user_blocked" time="0.065" /><testcase classname="backend.tests.test_refactor_regression.TestAdminOps" name="test_migrate_status" time="0.049" /><testcase classname="backend.tests.test_refactor_regression.TestRBAC" name="test_user_blocked_from_admin" time="0.163" /><testcase classname="backend.tests.test_refactor_regression.TestRBAC" name="test_data_protection_should_be_admin_only" time="0.053" /><testcase classname="backend.tests.test_refactor_regression.TestExportColumns" name="test_columns_endpoint_returns_canonical_list" time="0.044" /><testcase classname="backend.tests.test_refactor_regression.TestExportColumns" name="test_columns_endpoint_requires_auth" time="0.111" /><testcase classname="backend.tests.test_refactor_regression.TestExportColumns" name="test_inventory_export_with_subset_columns" time="0.059" /><testcase classname="backend.tests.test_refactor_regression.TestExportColumns" name="test_inventory_export_with_unknown_columns_falls_back" time="0.073" /><testcase classname="backend.tests.test_refactor_regression.TestExportColumns" name="test_inventory_export_ignores_unknown_columns_silently" time="0.057" /><testcase classname="backend.tests.test_refactor_regression.TestExportColumns" name="test_assignments_export_with_columns" time="0.236" /><testcase classname="backend.tests.test_refactor_regression.TestExportColumns" name="test_export_selected_with_columns_body" time="0.339" /><testcase classname="backend.tests.test_refactor_regression.TestExportColumns" name="test_all_three_exports_have_29_columns_by_default" time="0.660" /><testcase classname="backend.tests.test_refactor_regression.TestContractRoutes" name="test_batch_delete_returns_counts" time="0.103" /></testsuite></testsuites>