<?xml version="1.0" encoding="utf-8"?><testsuites name="pytest tests"><testsuite name="pytest" errors="0" failures="1" skipped="0" tests="25" time="7.802" timestamp="2026-06-29T11:44:58.389399+00:00" hostname="agent-env-063bbe5a-1ae8-42a8-a39d-994edf0aa79c"><testcase classname="backend.tests.test_refactor_regression.TestAuth" name="test_login_sets_cookie_and_token" time="0.576" /><testcase classname="backend.tests.test_refactor_regression.TestAuth" name="test_me_returns_user" time="0.434" /><testcase classname="backend.tests.test_refactor_regression.TestAuth" name="test_logout_clears_cookie" time="0.100" /><testcase classname="backend.tests.test_refactor_regression.TestAuth" name="test_login_rate_limit" time="0.626" /><testcase classname="backend.tests.test_refactor_regression.TestIpads" name="test_create_list_update_delete" time="0.273" /><testcase classname="backend.tests.test_refactor_regression.TestIpads" name="test_pool_lifecycle" time="3.128" /><testcase classname="backend.tests.test_refactor_regression.TestIpads" name="test_available_endpoints" time="0.136" /><testcase classname="backend.tests.test_refactor_regression.TestStudents" name="test_crud_and_batch_delete" time="0.274" /><testcase classname="backend.tests.test_refactor_regression.TestAssignmentsAndExports" name="test_list_with_contract_warning" time="0.180" /><testcase classname="backend.tests.test_refactor_regression.TestAssignmentsAndExports" name="test_auto_assign_endpoint" time="0.043" /><testcase classname="backend.tests.test_refactor_regression.TestAssignmentsAndExports" name="test_export_has_new_contract_columns" time="0.131" /><testcase classname="backend.tests.test_refactor_regression.TestAssignmentsAndExports" name="test_export_filtered_has_new_columns" time="0.058" /><testcase classname="backend.tests.test_refactor_regression.TestAssignmentsAndExports" name="test_export_selected_has_new_columns" time="0.057" /><testcase classname="backend.tests.test_refactor_regression.TestAssignmentsAndExports" name="test_inventory_export_has_new_columns" time="0.118" /><testcase classname="backend.tests.test_refactor_regression.TestAssignmentsAndExports" name="test_dismiss_warning" time="0.043" /><testcase classname="backend.tests.test_refactor_regression.TestAssignmentsAndExports" name="test_generate_contracts_zip" time="0.333" /><testcase classname="backend.tests.test_refactor_regression.TestContracts" name="test_list_endpoints" time="0.129" /><testcase classname="backend.tests.test_refactor_regression.TestImports" name="test_template" time="0.052" /><testcase classname="backend.tests.test_refactor_regression.TestSettings" name="test_get_and_put" time="0.090" /><testcase classname="backend.tests.test_refactor_regression.TestAdminUsers" name="test_list_and_reset_password" time="0.311" /><testcase classname="backend.tests.test_refactor_regression.TestAdminOps" name="test_cleanup_orphaned" time="0.045" /><testcase classname="backend.tests.test_refactor_regression.TestAdminOps" name="test_data_protection" time="0.048" /><testcase classname="backend.tests.test_refactor_regression.TestAdminOps" name="test_migrate_status" time="0.043" /><testcase classname="backend.tests.test_refactor_regression.TestRBAC" name="test_user_blocked_from_admin" time="0.147" /><testcase classname="backend.tests.test_refactor_regression.TestRBAC" name="test_data_protection_should_be_admin_only" time="0.099"><failure message="AssertionError: SECURITY: /data-protection/cleanup-old-data should be admin-only but standard user got 200. require_admin is imported but never called.&#10;assert 200 == 403&#10; +  where 200 = &lt;Response [200]&gt;.status_code">E   AssertionError: SECURITY: /data-protection/cleanup-old-data should be admin-only but standard user got 200. require_admin is imported but never called.
    assert 200 == 403
     +  where 200 = &lt;Response [200]&gt;.status_code</failure></testcase></testsuite></testsuites>
